submitit INFO (2024-03-13 11:32:49,883) - Starting with JobEnvironment(job_id=35637827_344, hostname=node113, local_rank=0(1), node=0(1), global_rank=0(1))
submitit INFO (2024-03-13 11:32:49,883) - Loading pickle: /rdma/vast-rdma/vast/millerlab/eisenaj/code/ChaoticConsciousness/multirun/2024-03-13/11-30-51/.submitit/35637827_344/35637827_344_submitted.pkl
[2024-03-13 11:32:53,478][DeLASE Logger][INFO] - Process ID 1860218 executing task Mary-Anesthesia-20160809-01, all, 344, with JobEnvironment(job_id=35637827_344, hostname=node113, local_rank=0(1), node=0(1), global_rank=0(1))
[2024-03-13 11:32:53,483][DeLASE Logger][INFO] - Session Mary-Anesthesia-20160809-01 area run index 344 does not exist. Running.
Loading data: ['lfpSchema']...
lfpSchema : dict with keys[dataDim,dataUnits,description,dims,history,index,indexUnits,mask,smpInterval,smpRate,timeUnits,userData,]

Data loaded (took 0.31 seconds)
[2024-03-13 11:33:01,176][DeLASE Logger][INFO] - Fitting DeLASE
Computing Hankel matrix ...
Hankel matrix computed!
Computing SVD on Hankel matrix ...
SVD complete!
Computing least squares fits to HAVOK DMD ...
Least squares complete! 

Computing jacbians...
Computing DDE characteristic roots...
Characteristic root computation complete!
Filtering characteristic roots...
Stability analysis complete
[2024-03-13 11:33:37,246][DeLASE Logger][INFO] - DeLASE fit in 36.07021379470825 seconds
[2024-03-13 11:33:37,247][DeLASE Logger][INFO] - Computing metrics
[2024-03-13 11:33:40,929][DeLASE Logger][INFO] - AIC: DeLASE: -12.613967382797442, PB: -10.882207149998088, VAR: -10.409325520406906, VAR_small: -5.422392551858856
[2024-03-13 11:33:40,929][DeLASE Logger][INFO] - Metrics computed!
[2024-03-13 11:33:40,933][DeLASE Logger][INFO] - Saving results
submitit INFO (2024-03-13 11:33:40,938) - Job completed successfully
[2024-03-13 11:33:40,938][submitit][INFO] - Job completed successfully
submitit INFO (2024-03-13 11:33:40,950) - Exiting after successful completion
[2024-03-13 11:33:40,950][submitit][INFO] - Exiting after successful completion
